<?xml version="1.0" encoding="UTF-8"?>
<robot generator="Robot 3.2.2 (Python 3.8.5 on win32)" generated="20201011 00:23:19.744" rpa="false">
<suite id="s1" name="Candidate" source="C:\Users\hp\Desktop\LearningProject\Automation_Script\Scripts\Candidate.robot">
<test id="s1-t1" name="Add Candidate From Create Top Menu on Home Page">
<kw name="Login To Application" library="Keyword.robot">
<kw name="Open Browser" library="SeleniumLibrary">
<doc>Opens a new browser instance to the optional ``url``.</doc>
<arguments>
<arg>${url}</arg>
<arg>chrome</arg>
<arg>options=add_argument("disable-infobars"); add_argument("--ignore-certificate-errors")</arg>
</arguments>
<msg timestamp="20201011 00:23:20.734" level="INFO">Opening browser 'chrome' to base url 'https://dev2.geekassess.com/web/login'.</msg>
<status status="PASS" starttime="20201011 00:23:20.734" endtime="20201011 00:23:28.605"></status>
</kw>
<kw name="Set Browser Implicit Wait" library="SeleniumLibrary">
<doc>Sets the implicit wait value used by Selenium.</doc>
<arguments>
<arg>8s</arg>
</arguments>
<status status="PASS" starttime="20201011 00:23:28.606" endtime="20201011 00:23:28.609"></status>
</kw>
<kw name="Maximize Browser Window" library="SeleniumLibrary">
<doc>Maximizes current browser window.</doc>
<status status="PASS" starttime="20201011 00:23:28.609" endtime="20201011 00:23:30.788"></status>
</kw>
<kw name="Input Text" library="SeleniumLibrary">
<doc>Types the given ``text`` into the text field identified by ``locator``.</doc>
<arguments>
<arg>${input_username}</arg>
<arg>${username}</arg>
</arguments>
<msg timestamp="20201011 00:23:30.789" level="INFO">Typing text 'drongarg+1@gmail.com' into text field '//input[@id='login_emailOrMobile']'.</msg>
<status status="PASS" starttime="20201011 00:23:30.789" endtime="20201011 00:23:31.051"></status>
</kw>
<kw name="Input Text" library="SeleniumLibrary">
<doc>Types the given ``text`` into the text field identified by ``locator``.</doc>
<arguments>
<arg>${input_password}</arg>
<arg>${password}</arg>
</arguments>
<msg timestamp="20201011 00:23:31.052" level="INFO">Typing text 'Yeknod@123' into text field '//input[@id='login_password']'.</msg>
<status status="PASS" starttime="20201011 00:23:31.051" endtime="20201011 00:23:31.205"></status>
</kw>
<kw name="Sleep" library="BuiltIn">
<doc>Pauses the test executed for the given time.</doc>
<arguments>
<arg>3s</arg>
</arguments>
<msg timestamp="20201011 00:23:34.219" level="INFO">Slept 3 seconds</msg>
<status status="PASS" starttime="20201011 00:23:31.205" endtime="20201011 00:23:34.219"></status>
</kw>
<kw name="Click Element" library="SeleniumLibrary">
<doc>Click the element identified by ``locator``.</doc>
<arguments>
<arg>${btn_login}</arg>
</arguments>
<msg timestamp="20201011 00:23:34.219" level="INFO">Clicking element '//button[@type='submit']'.</msg>
<status status="PASS" starttime="20201011 00:23:34.219" endtime="20201011 00:23:34.275"></status>
</kw>
<status status="PASS" starttime="20201011 00:23:20.734" endtime="20201011 00:23:34.276"></status>
</kw>
<kw name="RowNumber" library="Keyword.robot">
<arguments>
<arg>${ExcelPath}</arg>
<arg>${SheetName}</arg>
</arguments>
<assign>
<var>${rownum}</var>
</assign>
<kw name="Open Excel" library="ExcelRobot">
<doc>Opens the Excel file to read from the path provided in the file path parameter.</doc>
<arguments>
<arg>${Excel_Name}</arg>
</arguments>
<msg timestamp="20201011 00:23:34.276" level="INFO">Opening file at C:\Users\hp\Desktop\LearningProject\Automation_Script\Data/MasterData.xlsx</msg>
<status status="PASS" starttime="20201011 00:23:34.276" endtime="20201011 00:23:34.276"></status>
</kw>
<kw name="Get Row Count" library="ExcelRobot">
<doc>Returns the specific number of rows of the sheet name specified.</doc>
<arguments>
<arg>${sheetname}</arg>
</arguments>
<assign>
<var>${rownum}</var>
</assign>
<msg timestamp="20201011 00:23:34.276" level="INFO">${rownum} = 22</msg>
<status status="PASS" starttime="20201011 00:23:34.276" endtime="20201011 00:23:34.276"></status>
</kw>
<kw name="Log To Console" library="BuiltIn">
<doc>Logs the given message to the console.</doc>
<arguments>
<arg>${rownum}</arg>
</arguments>
<status status="PASS" starttime="20201011 00:23:34.276" endtime="20201011 00:23:34.276"></status>
</kw>
<msg timestamp="20201011 00:23:34.276" level="INFO">${rownum} = 22</msg>
<status status="PASS" starttime="20201011 00:23:34.276" endtime="20201011 00:23:34.276"></status>
</kw>
<kw name="${i} IN RANGE [ 1 | 9 ]" type="for">
<kw name="${i} = 1" type="foritem">
<kw name="ExcelReading" library="Keyword.robot">
<arguments>
<arg>${ExcelPath}</arg>
<arg>0</arg>
<arg>${i}</arg>
<arg>${SheetName}</arg>
</arguments>
<assign>
<var>${status}</var>
</assign>
<kw name="Open Excel" library="ExcelRobot">
<doc>Opens the Excel file to read from the path provided in the file path parameter.</doc>
<arguments>
<arg>${Excel_Name}</arg>
</arguments>
<msg timestamp="20201011 00:23:34.276" level="INFO">Opening file at C:\Users\hp\Desktop\LearningProject\Automation_Script\Data/MasterData.xlsx</msg>
<status status="PASS" starttime="20201011 00:23:34.276" endtime="20201011 00:23:34.276"></status>
</kw>
<kw name="Read Cell Data" library="ExcelRobot">
<doc>Uses the column and row to return the data from that cell.</doc>
<arguments>
<arg>${sheetname}</arg>
<arg>${column_no}</arg>
<arg>${row_no}</arg>
</arguments>
<assign>
<var>${value}</var>
</assign>
<msg timestamp="20201011 00:23:34.276" level="INFO">${value} = Used</msg>
<status status="PASS" starttime="20201011 00:23:34.276" endtime="20201011 00:23:34.276"></status>
</kw>
<kw name="Log To Console" library="BuiltIn">
<doc>Logs the given message to the console.</doc>
<arguments>
<arg>${value}</arg>
</arguments>
<status status="PASS" starttime="20201011 00:23:34.276" endtime="20201011 00:23:34.276"></status>
</kw>
<msg timestamp="20201011 00:23:34.276" level="INFO">${status} = Used</msg>
<status status="PASS" starttime="20201011 00:23:34.276" endtime="20201011 00:23:34.276"></status>
</kw>
<kw name="Run Keyword If" library="BuiltIn">
<doc>Runs the given keyword with the given arguments, if ``condition`` is true.</doc>
<arguments>
<arg>'${status}' == 'Used'</arg>
<arg>Continue For Loop</arg>
</arguments>
<kw name="Continue For Loop" library="BuiltIn">
<doc>Skips the current for loop iteration and continues from the next.</doc>
<msg timestamp="20201011 00:23:34.292" level="INFO">Continuing for loop from the next iteration.</msg>
<status status="PASS" starttime="20201011 00:23:34.292" endtime="20201011 00:23:34.293"></status>
</kw>
<status status="PASS" starttime="20201011 00:23:34.292" endtime="20201011 00:23:34.293"></status>
</kw>
<status status="PASS" starttime="20201011 00:23:34.276" endtime="20201011 00:23:34.294"></status>
</kw>
<kw name="${i} = 2" type="foritem">
<kw name="ExcelReading" library="Keyword.robot">
<arguments>
<arg>${ExcelPath}</arg>
<arg>0</arg>
<arg>${i}</arg>
<arg>${SheetName}</arg>
</arguments>
<assign>
<var>${status}</var>
</assign>
<kw name="Open Excel" library="ExcelRobot">
<doc>Opens the Excel file to read from the path provided in the file path parameter.</doc>
<arguments>
<arg>${Excel_Name}</arg>
</arguments>
<msg timestamp="20201011 00:23:34.294" level="INFO">Opening file at C:\Users\hp\Desktop\LearningProject\Automation_Script\Data/MasterData.xlsx</msg>
<status status="PASS" starttime="20201011 00:23:34.294" endtime="20201011 00:23:34.294"></status>
</kw>
<kw name="Read Cell Data" library="ExcelRobot">
<doc>Uses the column and row to return the data from that cell.</doc>
<arguments>
<arg>${sheetname}</arg>
<arg>${column_no}</arg>
<arg>${row_no}</arg>
</arguments>
<assign>
<var>${value}</var>
</assign>
<msg timestamp="20201011 00:23:34.294" level="INFO">${value} = Used</msg>
<status status="PASS" starttime="20201011 00:23:34.294" endtime="20201011 00:23:34.294"></status>
</kw>
<kw name="Log To Console" library="BuiltIn">
<doc>Logs the given message to the console.</doc>
<arguments>
<arg>${value}</arg>
</arguments>
<status status="PASS" starttime="20201011 00:23:34.294" endtime="20201011 00:23:34.294"></status>
</kw>
<msg timestamp="20201011 00:23:34.294" level="INFO">${status} = Used</msg>
<status status="PASS" starttime="20201011 00:23:34.294" endtime="20201011 00:23:34.294"></status>
</kw>
<kw name="Run Keyword If" library="BuiltIn">
<doc>Runs the given keyword with the given arguments, if ``condition`` is true.</doc>
<arguments>
<arg>'${status}' == 'Used'</arg>
<arg>Continue For Loop</arg>
</arguments>
<kw name="Continue For Loop" library="BuiltIn">
<doc>Skips the current for loop iteration and continues from the next.</doc>
<msg timestamp="20201011 00:23:34.294" level="INFO">Continuing for loop from the next iteration.</msg>
<status status="PASS" starttime="20201011 00:23:34.294" endtime="20201011 00:23:34.294"></status>
</kw>
<status status="PASS" starttime="20201011 00:23:34.294" endtime="20201011 00:23:34.294"></status>
</kw>
<status status="PASS" starttime="20201011 00:23:34.294" endtime="20201011 00:23:34.294"></status>
</kw>
<kw name="${i} = 3" type="foritem">
<kw name="ExcelReading" library="Keyword.robot">
<arguments>
<arg>${ExcelPath}</arg>
<arg>0</arg>
<arg>${i}</arg>
<arg>${SheetName}</arg>
</arguments>
<assign>
<var>${status}</var>
</assign>
<kw name="Open Excel" library="ExcelRobot">
<doc>Opens the Excel file to read from the path provided in the file path parameter.</doc>
<arguments>
<arg>${Excel_Name}</arg>
</arguments>
<msg timestamp="20201011 00:23:34.294" level="INFO">Opening file at C:\Users\hp\Desktop\LearningProject\Automation_Script\Data/MasterData.xlsx</msg>
<status status="PASS" starttime="20201011 00:23:34.294" endtime="20201011 00:23:34.294"></status>
</kw>
<kw name="Read Cell Data" library="ExcelRobot">
<doc>Uses the column and row to return the data from that cell.</doc>
<arguments>
<arg>${sheetname}</arg>
<arg>${column_no}</arg>
<arg>${row_no}</arg>
</arguments>
<assign>
<var>${value}</var>
</assign>
<msg timestamp="20201011 00:23:34.294" level="INFO">${value} = Used</msg>
<status status="PASS" starttime="20201011 00:23:34.294" endtime="20201011 00:23:34.294"></status>
</kw>
<kw name="Log To Console" library="BuiltIn">
<doc>Logs the given message to the console.</doc>
<arguments>
<arg>${value}</arg>
</arguments>
<status status="PASS" starttime="20201011 00:23:34.294" endtime="20201011 00:23:34.294"></status>
</kw>
<msg timestamp="20201011 00:23:34.306" level="INFO">${status} = Used</msg>
<status status="PASS" starttime="20201011 00:23:34.294" endtime="20201011 00:23:34.306"></status>
</kw>
<kw name="Run Keyword If" library="BuiltIn">
<doc>Runs the given keyword with the given arguments, if ``condition`` is true.</doc>
<arguments>
<arg>'${status}' == 'Used'</arg>
<arg>Continue For Loop</arg>
</arguments>
<kw name="Continue For Loop" library="BuiltIn">
<doc>Skips the current for loop iteration and continues from the next.</doc>
<msg timestamp="20201011 00:23:34.308" level="INFO">Continuing for loop from the next iteration.</msg>
<status status="PASS" starttime="20201011 00:23:34.307" endtime="20201011 00:23:34.308"></status>
</kw>
<status status="PASS" starttime="20201011 00:23:34.306" endtime="20201011 00:23:34.308"></status>
</kw>
<status status="PASS" starttime="20201011 00:23:34.294" endtime="20201011 00:23:34.308"></status>
</kw>
<kw name="${i} = 4" type="foritem">
<kw name="ExcelReading" library="Keyword.robot">
<arguments>
<arg>${ExcelPath}</arg>
<arg>0</arg>
<arg>${i}</arg>
<arg>${SheetName}</arg>
</arguments>
<assign>
<var>${status}</var>
</assign>
<kw name="Open Excel" library="ExcelRobot">
<doc>Opens the Excel file to read from the path provided in the file path parameter.</doc>
<arguments>
<arg>${Excel_Name}</arg>
</arguments>
<msg timestamp="20201011 00:23:34.309" level="INFO">Opening file at C:\Users\hp\Desktop\LearningProject\Automation_Script\Data/MasterData.xlsx</msg>
<status status="PASS" starttime="20201011 00:23:34.309" endtime="20201011 00:23:34.313"></status>
</kw>
<kw name="Read Cell Data" library="ExcelRobot">
<doc>Uses the column and row to return the data from that cell.</doc>
<arguments>
<arg>${sheetname}</arg>
<arg>${column_no}</arg>
<arg>${row_no}</arg>
</arguments>
<assign>
<var>${value}</var>
</assign>
<msg timestamp="20201011 00:23:34.313" level="INFO">${value} = Used</msg>
<status status="PASS" starttime="20201011 00:23:34.313" endtime="20201011 00:23:34.313"></status>
</kw>
<kw name="Log To Console" library="BuiltIn">
<doc>Logs the given message to the console.</doc>
<arguments>
<arg>${value}</arg>
</arguments>
<status status="PASS" starttime="20201011 00:23:34.313" endtime="20201011 00:23:34.314"></status>
</kw>
<msg timestamp="20201011 00:23:34.314" level="INFO">${status} = Used</msg>
<status status="PASS" starttime="20201011 00:23:34.309" endtime="20201011 00:23:34.314"></status>
</kw>
<kw name="Run Keyword If" library="BuiltIn">
<doc>Runs the given keyword with the given arguments, if ``condition`` is true.</doc>
<arguments>
<arg>'${status}' == 'Used'</arg>
<arg>Continue For Loop</arg>
</arguments>
<kw name="Continue For Loop" library="BuiltIn">
<doc>Skips the current for loop iteration and continues from the next.</doc>
<msg timestamp="20201011 00:23:34.315" level="INFO">Continuing for loop from the next iteration.</msg>
<status status="PASS" starttime="20201011 00:23:34.314" endtime="20201011 00:23:34.315"></status>
</kw>
<status status="PASS" starttime="20201011 00:23:34.314" endtime="20201011 00:23:34.315"></status>
</kw>
<status status="PASS" starttime="20201011 00:23:34.308" endtime="20201011 00:23:34.315"></status>
</kw>
<kw name="${i} = 5" type="foritem">
<kw name="ExcelReading" library="Keyword.robot">
<arguments>
<arg>${ExcelPath}</arg>
<arg>0</arg>
<arg>${i}</arg>
<arg>${SheetName}</arg>
</arguments>
<assign>
<var>${status}</var>
</assign>
<kw name="Open Excel" library="ExcelRobot">
<doc>Opens the Excel file to read from the path provided in the file path parameter.</doc>
<arguments>
<arg>${Excel_Name}</arg>
</arguments>
<msg timestamp="20201011 00:23:34.316" level="INFO">Opening file at C:\Users\hp\Desktop\LearningProject\Automation_Script\Data/MasterData.xlsx</msg>
<status status="PASS" starttime="20201011 00:23:34.315" endtime="20201011 00:23:34.319"></status>
</kw>
<kw name="Read Cell Data" library="ExcelRobot">
<doc>Uses the column and row to return the data from that cell.</doc>
<arguments>
<arg>${sheetname}</arg>
<arg>${column_no}</arg>
<arg>${row_no}</arg>
</arguments>
<assign>
<var>${value}</var>
</assign>
<msg timestamp="20201011 00:23:34.320" level="INFO">${value} = Used</msg>
<status status="PASS" starttime="20201011 00:23:34.319" endtime="20201011 00:23:34.320"></status>
</kw>
<kw name="Log To Console" library="BuiltIn">
<doc>Logs the given message to the console.</doc>
<arguments>
<arg>${value}</arg>
</arguments>
<status status="PASS" starttime="20201011 00:23:34.320" endtime="20201011 00:23:34.320"></status>
</kw>
<msg timestamp="20201011 00:23:34.320" level="INFO">${status} = Used</msg>
<status status="PASS" starttime="20201011 00:23:34.315" endtime="20201011 00:23:34.320"></status>
</kw>
<kw name="Run Keyword If" library="BuiltIn">
<doc>Runs the given keyword with the given arguments, if ``condition`` is true.</doc>
<arguments>
<arg>'${status}' == 'Used'</arg>
<arg>Continue For Loop</arg>
</arguments>
<kw name="Continue For Loop" library="BuiltIn">
<doc>Skips the current for loop iteration and continues from the next.</doc>
<msg timestamp="20201011 00:23:34.321" level="INFO">Continuing for loop from the next iteration.</msg>
<status status="PASS" starttime="20201011 00:23:34.321" endtime="20201011 00:23:34.321"></status>
</kw>
<status status="PASS" starttime="20201011 00:23:34.320" endtime="20201011 00:23:34.321"></status>
</kw>
<status status="PASS" starttime="20201011 00:23:34.315" endtime="20201011 00:23:34.321"></status>
</kw>
<kw name="${i} = 6" type="foritem">
<kw name="ExcelReading" library="Keyword.robot">
<arguments>
<arg>${ExcelPath}</arg>
<arg>0</arg>
<arg>${i}</arg>
<arg>${SheetName}</arg>
</arguments>
<assign>
<var>${status}</var>
</assign>
<kw name="Open Excel" library="ExcelRobot">
<doc>Opens the Excel file to read from the path provided in the file path parameter.</doc>
<arguments>
<arg>${Excel_Name}</arg>
</arguments>
<msg timestamp="20201011 00:23:34.323" level="INFO">Opening file at C:\Users\hp\Desktop\LearningProject\Automation_Script\Data/MasterData.xlsx</msg>
<status status="PASS" starttime="20201011 00:23:34.322" endtime="20201011 00:23:34.330"></status>
</kw>
<kw name="Read Cell Data" library="ExcelRobot">
<doc>Uses the column and row to return the data from that cell.</doc>
<arguments>
<arg>${sheetname}</arg>
<arg>${column_no}</arg>
<arg>${row_no}</arg>
</arguments>
<assign>
<var>${value}</var>
</assign>
<msg timestamp="20201011 00:23:34.331" level="INFO">${value} = Used</msg>
<status status="PASS" starttime="20201011 00:23:34.330" endtime="20201011 00:23:34.331"></status>
</kw>
<kw name="Log To Console" library="BuiltIn">
<doc>Logs the given message to the console.</doc>
<arguments>
<arg>${value}</arg>
</arguments>
<status status="PASS" starttime="20201011 00:23:34.331" endtime="20201011 00:23:34.332"></status>
</kw>
<msg timestamp="20201011 00:23:34.332" level="INFO">${status} = Used</msg>
<status status="PASS" starttime="20201011 00:23:34.321" endtime="20201011 00:23:34.332"></status>
</kw>
<kw name="Run Keyword If" library="BuiltIn">
<doc>Runs the given keyword with the given arguments, if ``condition`` is true.</doc>
<arguments>
<arg>'${status}' == 'Used'</arg>
<arg>Continue For Loop</arg>
</arguments>
<kw name="Continue For Loop" library="BuiltIn">
<doc>Skips the current for loop iteration and continues from the next.</doc>
<msg timestamp="20201011 00:23:34.333" level="INFO">Continuing for loop from the next iteration.</msg>
<status status="PASS" starttime="20201011 00:23:34.333" endtime="20201011 00:23:34.333"></status>
</kw>
<status status="PASS" starttime="20201011 00:23:34.332" endtime="20201011 00:23:34.333"></status>
</kw>
<status status="PASS" starttime="20201011 00:23:34.321" endtime="20201011 00:23:34.333"></status>
</kw>
<kw name="${i} = 7" type="foritem">
<kw name="ExcelReading" library="Keyword.robot">
<arguments>
<arg>${ExcelPath}</arg>
<arg>0</arg>
<arg>${i}</arg>
<arg>${SheetName}</arg>
</arguments>
<assign>
<var>${status}</var>
</assign>
<kw name="Open Excel" library="ExcelRobot">
<doc>Opens the Excel file to read from the path provided in the file path parameter.</doc>
<arguments>
<arg>${Excel_Name}</arg>
</arguments>
<msg timestamp="20201011 00:23:34.334" level="INFO">Opening file at C:\Users\hp\Desktop\LearningProject\Automation_Script\Data/MasterData.xlsx</msg>
<status status="PASS" starttime="20201011 00:23:34.333" endtime="20201011 00:23:34.336"></status>
</kw>
<kw name="Read Cell Data" library="ExcelRobot">
<doc>Uses the column and row to return the data from that cell.</doc>
<arguments>
<arg>${sheetname}</arg>
<arg>${column_no}</arg>
<arg>${row_no}</arg>
</arguments>
<assign>
<var>${value}</var>
</assign>
<msg timestamp="20201011 00:23:34.337" level="INFO">${value} = Used</msg>
<status status="PASS" starttime="20201011 00:23:34.336" endtime="20201011 00:23:34.337"></status>
</kw>
<kw name="Log To Console" library="BuiltIn">
<doc>Logs the given message to the console.</doc>
<arguments>
<arg>${value}</arg>
</arguments>
<status status="PASS" starttime="20201011 00:23:34.337" endtime="20201011 00:23:34.337"></status>
</kw>
<msg timestamp="20201011 00:23:34.337" level="INFO">${status} = Used</msg>
<status status="PASS" starttime="20201011 00:23:34.333" endtime="20201011 00:23:34.337"></status>
</kw>
<kw name="Run Keyword If" library="BuiltIn">
<doc>Runs the given keyword with the given arguments, if ``condition`` is true.</doc>
<arguments>
<arg>'${status}' == 'Used'</arg>
<arg>Continue For Loop</arg>
</arguments>
<kw name="Continue For Loop" library="BuiltIn">
<doc>Skips the current for loop iteration and continues from the next.</doc>
<msg timestamp="20201011 00:23:34.338" level="INFO">Continuing for loop from the next iteration.</msg>
<status status="PASS" starttime="20201011 00:23:34.338" endtime="20201011 00:23:34.338"></status>
</kw>
<status status="PASS" starttime="20201011 00:23:34.338" endtime="20201011 00:23:34.338"></status>
</kw>
<status status="PASS" starttime="20201011 00:23:34.333" endtime="20201011 00:23:34.338"></status>
</kw>
<kw name="${i} = 8" type="foritem">
<kw name="ExcelReading" library="Keyword.robot">
<arguments>
<arg>${ExcelPath}</arg>
<arg>0</arg>
<arg>${i}</arg>
<arg>${SheetName}</arg>
</arguments>
<assign>
<var>${status}</var>
</assign>
<kw name="Open Excel" library="ExcelRobot">
<doc>Opens the Excel file to read from the path provided in the file path parameter.</doc>
<arguments>
<arg>${Excel_Name}</arg>
</arguments>
<msg timestamp="20201011 00:23:34.340" level="INFO">Opening file at C:\Users\hp\Desktop\LearningProject\Automation_Script\Data/MasterData.xlsx</msg>
<status status="PASS" starttime="20201011 00:23:34.339" endtime="20201011 00:23:34.346"></status>
</kw>
<kw name="Read Cell Data" library="ExcelRobot">
<doc>Uses the column and row to return the data from that cell.</doc>
<arguments>
<arg>${sheetname}</arg>
<arg>${column_no}</arg>
<arg>${row_no}</arg>
</arguments>
<assign>
<var>${value}</var>
</assign>
<msg timestamp="20201011 00:23:34.347" level="INFO">${value} = Used</msg>
<status status="PASS" starttime="20201011 00:23:34.346" endtime="20201011 00:23:34.347"></status>
</kw>
<kw name="Log To Console" library="BuiltIn">
<doc>Logs the given message to the console.</doc>
<arguments>
<arg>${value}</arg>
</arguments>
<status status="PASS" starttime="20201011 00:23:34.347" endtime="20201011 00:23:34.347"></status>
</kw>
<msg timestamp="20201011 00:23:34.347" level="INFO">${status} = Used</msg>
<status status="PASS" starttime="20201011 00:23:34.338" endtime="20201011 00:23:34.347"></status>
</kw>
<kw name="Run Keyword If" library="BuiltIn">
<doc>Runs the given keyword with the given arguments, if ``condition`` is true.</doc>
<arguments>
<arg>'${status}' == 'Used'</arg>
<arg>Continue For Loop</arg>
</arguments>
<kw name="Continue For Loop" library="BuiltIn">
<doc>Skips the current for loop iteration and continues from the next.</doc>
<msg timestamp="20201011 00:23:34.348" level="INFO">Continuing for loop from the next iteration.</msg>
<status status="PASS" starttime="20201011 00:23:34.348" endtime="20201011 00:23:34.348"></status>
</kw>
<status status="PASS" starttime="20201011 00:23:34.348" endtime="20201011 00:23:34.348"></status>
</kw>
<status status="PASS" starttime="20201011 00:23:34.338" endtime="20201011 00:23:34.348"></status>
</kw>
<status status="PASS" starttime="20201011 00:23:34.276" endtime="20201011 00:23:34.348"></status>
</kw>
<kw name="Logout" library="Keyword.robot">
<kw name="Wait Until Element Is Visible" library="SeleniumLibrary">
<doc>Waits until the element ``locator`` is visible.</doc>
<arguments>
<arg>${logo_signout}</arg>
<arg>20s</arg>
</arguments>
<status status="PASS" starttime="20201011 00:23:34.349" endtime="20201011 00:23:34.834"></status>
</kw>
<kw name="Click Element" library="SeleniumLibrary">
<doc>Click the element identified by ``locator``.</doc>
<arguments>
<arg>${logo_signout}</arg>
</arguments>
<msg timestamp="20201011 00:23:34.834" level="INFO">Clicking element '//li[@class='ant-menu-item mr-0']/div/i'.</msg>
<status status="PASS" starttime="20201011 00:23:34.834" endtime="20201011 00:23:34.904"></status>
</kw>
<kw name="Sleep" library="BuiltIn">
<doc>Pauses the test executed for the given time.</doc>
<arguments>
<arg>2s</arg>
</arguments>
<msg timestamp="20201011 00:23:36.916" level="INFO">Slept 2 seconds</msg>
<status status="PASS" starttime="20201011 00:23:34.904" endtime="20201011 00:23:36.916"></status>
</kw>
<kw name="Click Element" library="SeleniumLibrary">
<doc>Click the element identified by ``locator``.</doc>
<arguments>
<arg>${lnk_logout}</arg>
</arguments>
<msg timestamp="20201011 00:23:36.916" level="INFO">Clicking element '//li[contains(text(),'Logout')]/i'.</msg>
<status status="PASS" starttime="20201011 00:23:36.916" endtime="20201011 00:23:36.984"></status>
</kw>
<status status="PASS" starttime="20201011 00:23:34.349" endtime="20201011 00:23:36.984"></status>
</kw>
<status status="PASS" starttime="20201011 00:23:20.734" endtime="20201011 00:23:36.985" critical="yes"></status>
</test>
<status status="PASS" starttime="20201011 00:23:19.746" endtime="20201011 00:23:36.986"></status>
</suite>
<statistics>
<total>
<stat pass="1" fail="0">Critical Tests</stat>
<stat pass="1" fail="0">All Tests</stat>
</total>
<tag>
</tag>
<suite>
<stat pass="1" fail="0" id="s1" name="Candidate">Candidate</stat>
</suite>
</statistics>
<errors>
</errors>
</robot>
